
SQL*Loader: Release 12.1.0.2.0 - Production on Sáb Oct 17 15:03:02 2015

Copyright (c) 1982, 2014, Oracle and/or its affiliates.  All rights reserved.

Archivo de Control:   C:\Users\Public\Documents\REPRO.ctl
Archivo de Datos:      C:\Users\Public\Documents\REPRO1.csv
  Archivo de Errores:     C:\Users\Public\Documents\REPRO1.bad
  Desechar Archivo:  ninguno especificado
 
 (Permitir todos los registros desechados)

Número a cargar: ALL
Número que omitir: 1
Errores permitidos: 50
Matriz de enlace:     64 filas, máximo de 256000 bytes
Continuación:    ninguno especificado
Ruta de acceso utilizada:      Convencional

Tabla REPRODUCCION, cargada de cada registro lógico.
Opción INSERT activa para esta tabla: REPLACE
Opción TRAILING NULLCOLS activada

   Nombre Columna                  Posición   Long  Term Entorno Tipo de Dato
------------------------------ ---------- ----- ---- ---- ---------------------
USERID                              FIRST     *   ,  O(") CHARACTER            
MUSICA                               NEXT     *   ,  O(") CHARACTER            
FECHA                                NEXT     *   ,  O(") CHARACTER            
    Cadena SQL para la columna: "to_char(sysdate,'DD/MM/YYYY')"
HORA                                 NEXT     *   ,  O(") CHARACTER            
    Cadena SQL para la columna: "to_char(sysdate,'HH:MI:SS')"


Tabla REPRODUCCION:
  130 Filas se ha cargado correctamente.
  0 Filas no cargada debido a errores de datos.
  0 Filas no cargada porque todas las cláusulas WHEN han fallado.
  0 Filas no cargada porque todos los campos eran nulos.


Espacio asignado a matriz de enlace:            66048 bytes (64 filas)
Bytes de buffer de lectura: 1048576

Total de registros lógicos ignorados:          1
Total de registros lógicos leídos:         130
Total de registros lógicos rechazados:         0
Total de registros lógicos desechados:        0

La ejecución empezó en Sáb Oct 17 15:03:02 2015
La ejecución terminó en Sáb Oct 17 15:03:03 2015

Tiempo transcurrido:     00:00:00.30
Tiempo de CPU:         00:00:00.05
